30-08-2021 19:56:58,INFO,files read and merged into one
30-08-2021 19:57:39,INFO,Null Values Displayed
30-08-2021 20:07:09,INFO,NUll values imputed with median
30-08-2021 20:14:11,INFO,outliers removed to an extent
30-08-2021 20:23:53,INFO,model is training
30-08-2021 20:24:01,INFO,model is training
30-08-2021 20:24:24,INFO,model is trained
30-08-2021 20:24:24,INFO,model is training
30-08-2021 20:24:25,INFO,model is trained
30-08-2021 20:24:25,INFO,model is training
30-08-2021 20:24:26,INFO,model is trained
30-08-2021 20:24:26,INFO,model is training
30-08-2021 20:24:26,INFO,model is trained
30-08-2021 20:24:26,INFO,model is training
30-08-2021 20:24:28,INFO,model is trained
30-08-2021 20:53:13,error,Exception occurred
30-08-2021 20:54:53,error,Exception occurred
30-08-2021 20:55:54,INFO,0.9739174474550519
30-08-2021 20:55:54,INFO,0.933495145631068
30-08-2021 20:55:54,INFO,0.9694959139088923
30-08-2021 20:55:54,INFO,0.9604968142283267
30-08-2021 20:56:53,INFO,0.9739174474550519
30-08-2021 20:56:53,INFO,0.933495145631068
30-08-2021 20:56:53,INFO,0.9694959139088923
30-08-2021 20:56:53,INFO,0.9604968142283267
30-08-2021 20:58:33,INFO,0.9739174474550519
30-08-2021 20:58:33,INFO,0.933495145631068
30-08-2021 20:58:33,INFO,0.9694959139088923
30-08-2021 20:58:33,INFO,0.9604968142283267
30-08-2021 22:10:37,INFO,0.9739174474550519
30-08-2021 22:10:37,INFO,0.933495145631068
30-08-2021 22:10:37,INFO,0.9694959139088923
30-08-2021 22:10:37,INFO,0.9604968142283267
30-08-2021 22:17:16,INFO,pickle file loaded
30-08-2021 22:17:16,INFO,[1]
30-08-2021 22:17:22,INFO,pickle file loaded
30-08-2021 22:17:22,INFO,[1]
30-08-2021 22:29:06,INFO,pickle file loaded
30-08-2021 22:29:06,INFO,[0]
31-08-2021 18:53:39,INFO,files read and merged into one
31-08-2021 18:54:03,INFO,NUll values imputed with median
31-08-2021 18:54:58,INFO,outliers removed to an extent
31-08-2021 19:12:28,INFO,model is training
31-08-2021 19:12:49,INFO,model is training
31-08-2021 19:13:13,INFO,model is trained
31-08-2021 19:13:13,INFO,model is training
31-08-2021 19:13:15,INFO,model is trained
31-08-2021 19:13:15,INFO,model is training
31-08-2021 19:13:16,INFO,model is trained
31-08-2021 19:13:16,INFO,model is training
31-08-2021 19:13:16,INFO,model is trained
31-08-2021 19:13:16,INFO,model is training
31-08-2021 19:13:17,INFO,model is trained
31-08-2021 19:36:46,error,Exception occurred
31-08-2021 19:37:50,error,Exception occurred
31-08-2021 19:41:02,INFO,0.970871327254306
31-08-2021 19:41:02,INFO,0.9303398058252427
31-08-2021 19:41:02,INFO,0.9674730965288454
31-08-2021 19:41:02,INFO,0.9581909006065162
31-08-2021 19:44:18,INFO,0.9706105903217633
31-08-2021 19:44:18,INFO,0.9298543689320389
31-08-2021 19:44:18,INFO,0.9672303584432398
31-08-2021 19:44:18,INFO,0.9578874951833395
31-08-2021 19:52:08,INFO,0.9788911495422177
31-08-2021 19:52:08,INFO,0.9342233009708738
31-08-2021 19:52:08,INFO,0.9713569058985355
31-08-2021 19:52:08,INFO,0.9620746314297263
31-08-2021 19:52:35,INFO,0.9788911495422177
31-08-2021 19:52:35,INFO,0.9342233009708738
31-08-2021 19:52:35,INFO,0.9713569058985355
31-08-2021 19:52:35,INFO,0.9620746314297263
31-08-2021 20:06:26,INFO,0.9693748418121995
31-08-2021 20:06:26,INFO,0.9296116504854369
31-08-2021 20:06:26,INFO,0.9667448822720285
31-08-2021 20:06:26,INFO,0.9574627010771645
31-08-2021 20:08:18,INFO,0.9767857142857143
31-08-2021 20:08:18,INFO,0.929368932038835
31-08-2021 20:08:18,INFO,0.969091350432883
31-08-2021 20:08:18,INFO,0.9591619511511082
31-08-2021 20:13:15,INFO,0.9699570815450643
31-08-2021 20:13:15,INFO,0.9325242718446602
31-08-2021 20:13:15,INFO,0.9678776600048548
31-08-2021 20:13:15,INFO,0.9590403857099258
31-08-2021 20:13:31,INFO,0.9762815608263198
31-08-2021 20:13:31,INFO,0.929126213592233
31-08-2021 20:13:31,INFO,0.9688486123472773
31-08-2021 20:13:32,INFO,0.9589192179746575
03-09-2021 21:58:21,INFO,inititating database
03-09-2021 22:00:07,INFO,inititating database
04-09-2021 22:20:51,INFO,files read and merged into one
04-09-2021 22:21:03,INFO,NUll values imputed with median
04-09-2021 22:21:52,INFO,outliers removed to an extent
04-09-2021 22:33:21,INFO,SVC is trained
04-09-2021 22:33:21,INFO,[0.8338589434338459] 
04-09-2021 22:33:24,INFO,GradientBoostingClassifier is trained
04-09-2021 22:33:24,INFO,[0.8338589434338459, 0.948785258838793] 
04-09-2021 22:33:26,INFO,RandomForestClassifier is trained
04-09-2021 22:33:26,INFO,[0.8338589434338459, 0.948785258838793, 0.9628635915848964] 
04-09-2021 22:33:26,INFO,DecisionTreeClassifier is trained
04-09-2021 22:33:26,INFO,[0.8338589434338459, 0.948785258838793, 0.9628635915848964, 0.9577059203386216] 
04-09-2021 22:33:28,INFO,XGBClassifier is trained
04-09-2021 22:33:28,INFO,[0.8338589434338459, 0.948785258838793, 0.9628635915848964, 0.9577059203386216, 0.9600115688231557] 
04-09-2021 22:46:37,INFO,0.9691919191919192
04-09-2021 22:46:37,INFO,0.9315533980582524
04-09-2021 22:46:37,INFO,0.9673112711384416
04-09-2021 22:46:37,INFO,0.9583728878869973
04-09-2021 22:50:06,INFO,0.9699646643109541
04-09-2021 22:50:06,INFO,0.9327669902912621
04-09-2021 22:50:06,INFO,0.9679585727000566
04-09-2021 22:50:06,INFO,0.9591617449332266
04-09-2021 22:57:29,INFO,0.9688370914618698
04-09-2021 22:57:29,INFO,0.9281553398058252
04-09-2021 22:57:29,INFO,0.9660975807104135
04-09-2021 22:57:29,INFO,0.9566131717842088
05-09-2021 12:13:24,INFO,lenght of dataframe1
05-09-2021 12:17:35,INFO,lenght of dataframe2
05-09-2021 12:17:35,INFO,Data from user is added to DB
05-09-2021 12:17:35,INFO,Loaded the pickle file
05-09-2021 12:17:35,INFO,lenght of dataframe3
05-09-2021 12:17:35,INFO,Data from user is added to DB
05-09-2021 12:17:35,INFO,Loaded the pickle file
05-09-2021 12:17:35,INFO,Done with prediction
05-09-2021 12:17:36,INFO,Done with prediction
05-09-2021 12:25:19,INFO,lenght of dataframe1
05-09-2021 12:25:19,INFO,Data from user is added to DB
05-09-2021 12:25:19,INFO,Loaded the pickle file
05-09-2021 12:25:19,INFO,Done with prediction
05-09-2021 12:48:58,INFO,Rendering the datafile in /database
05-09-2021 12:50:56,INFO,Rendering the datafile in /database
05-09-2021 13:14:45,INFO,Rendering the datafile in /database
05-09-2021 13:16:57,INFO,Rendering the datafile in /database
05-09-2021 13:18:48,INFO,Rendering the datafile in /database
05-09-2021 13:20:30,INFO,Data has been inserted in MONGODB
05-09-2021 13:20:33,INFO,Rendering the datafile in /database
05-09-2021 13:26:26,INFO,lenght of dataframe1
05-09-2021 13:26:26,INFO,Data from user is added to DB
05-09-2021 13:26:26,INFO,Loaded the pickle file
05-09-2021 13:26:26,INFO,Done with prediction
05-09-2021 13:41:54,INFO,Data from user is added to DB
05-09-2021 13:41:54,INFO,Loaded the pickle file
05-09-2021 13:41:54,INFO,Done with prediction
05-09-2021 15:51:00,INFO,files read and merged into one
05-09-2021 19:26:38,INFO,Data from user is added to DB
05-09-2021 19:26:38,INFO,Loaded the pickle file
05-09-2021 19:26:38,INFO,Done with prediction
07-09-2021 21:17:39,INFO,Data from user is added to DB
07-09-2021 21:17:39,INFO,Loaded the pickle file
07-09-2021 21:17:39,INFO,Done with prediction
07-09-2021 21:19:18,INFO,Data from user is added to DB
07-09-2021 21:19:18,INFO,Loaded the pickle file
07-09-2021 21:19:18,INFO,Done with prediction
07-09-2021 21:30:33,INFO,Data from user is added to DB
07-09-2021 21:30:33,INFO,Loaded the pickle file
07-09-2021 21:30:34,INFO,Done with prediction
07-09-2021 21:46:49,INFO,Data from user is added to DB
07-09-2021 21:46:49,INFO,Loaded the pickle file
07-09-2021 21:46:50,INFO,Done with prediction
07-09-2021 21:46:57,INFO,Data from user is added to DB
07-09-2021 21:46:57,INFO,Loaded the pickle file
07-09-2021 21:46:57,INFO,Done with prediction
08-09-2021 09:01:13,INFO,files read and merged into one
08-09-2021 09:01:19,INFO,Null Values Displayed
08-09-2021 09:01:26,INFO,NUll values imputed with median
08-09-2021 09:02:05,INFO,outliers removed to an extent
08-09-2021 09:03:26,INFO,files read and merged into one
08-09-2021 09:03:30,INFO,Null Values Displayed
08-09-2021 09:03:42,INFO,NUll values imputed with median
08-09-2021 09:04:06,INFO,outliers removed to an extent
08-09-2021 09:21:13,INFO,0.9705509012439706
08-09-2021 09:21:13,INFO,0.9279126213592233
08-09-2021 09:21:13,INFO,0.9665830568816247
08-09-2021 09:21:13,INFO,0.9569166213969317
08-09-2021 09:22:11,INFO,0.9701568032372281
08-09-2021 09:22:11,INFO,0.9310679611650485
08-09-2021 09:22:11,INFO,0.9674730965288454
08-09-2021 09:22:11,INFO,0.9583729173466946
